
Showing logs for build [32mmeta-jstrachan-nodey440-master-qd4kz-1[0m stage [32mmeta-pipeline[0m and container [32mstep-credential-initializer-5pwrf[0m
{"level":"warn","ts":1586324316.1262095,"logger":"fallback-logger","caller":"logging/config.go:69","msg":"Fetch GitHub commit ID from kodata failed: \"ref: refs/heads/0.8.0-**-support-backwards-incompats\" is not a valid GitHub commit ID"}
{"level":"info","ts":1586324316.1373434,"logger":"fallback-logger","caller":"creds-init/main.go:40","msg":"Credentials initialized."}

Showing logs for build [32mmeta-jstrachan-nodey440-master-qd4kz-1[0m stage [32mmeta-pipeline[0m and container [32mstep-working-dir-initializer-7cn27[0m
{"level":"warn","ts":1586324318.925234,"logger":"fallback-logger","caller":"logging/config.go:69","msg":"Fetch GitHub commit ID from kodata failed: open /var/run/ko/HEAD: no such file or directory"}
{"level":"info","ts":1586324318.9277346,"logger":"fallback-logger","caller":"bash/main.go:64","msg":"Successfully executed command \"sh -c mkdir -p /workspace/source\"; output "}

Showing logs for build [32mmeta-jstrachan-nodey440-master-qd4kz-1[0m stage [32mmeta-pipeline[0m and container [32mstep-place-tools[0m

Showing logs for build [32mmeta-jstrachan-nodey440-master-qd4kz-1[0m stage [32mmeta-pipeline[0m and container [32mstep-git-source-meta-jstrachan-nodey440-master-qd4kz-5qwct[0m
{"level":"warn","ts":1586324411.4240034,"logger":"fallback-logger","caller":"logging/config.go:69","msg":"Fetch GitHub commit ID from kodata failed: \"ref: refs/heads/0.8.0-**-support-backwards-incompats\" is not a valid GitHub commit ID"}
{"level":"info","ts":1586324412.5306373,"logger":"fallback-logger","caller":"git/git.go:103","msg":"Successfully cloned https://github.com/*********/nodey440.git @ master in path /workspace/source"}

Showing logs for build [32mmeta-jstrachan-nodey440-master-qd4kz-1[0m stage [32mmeta-pipeline[0m and container [32mstep-git-merge[0m
Using SHAs from PULL_REFS=master:
WARNING: no SHAs to merge, falling back to initial cloned commit

Showing logs for build [32mmeta-jstrachan-nodey440-master-qd4kz-1[0m stage [32mmeta-pipeline[0m and container [32mstep-merge-pull-refs[0m
SKIP merge-pull-refs: Nothing to merge

Showing logs for build [32mmeta-jstrachan-nodey440-master-qd4kz-1[0m stage [32mmeta-pipeline[0m and container [32mstep-create-effective-pipeline[0m
Effective pipeline written to jenkins-x-effective.yml

Showing logs for build [32mmeta-jstrachan-nodey440-master-qd4kz-1[0m stage [32mmeta-pipeline[0m and container [32mstep-create-tekton-crds[0m
running command: ** step next-version --filename package.json
created new version: 1.0.0 and written to file: ./VERSION

running command: ** step tag --version \$(cat VERSION)
Updating chart version in charts/nodey440/Chart.yaml to 1.0.0
Updating repository in charts/nodey440/values.yaml to gcr.io/*********-multicluster/nodey440
Updating tag in charts/nodey440/values.yaml to 1.0.0
error: Have you set up a git credential helper? See https://help.github.com/articles/caching-your-github-password-in-git/
: git output: fatal: could not read Username for 'https://github.com': No such device or address: failed to run 'git push origin v1.0.0' command in directory '', output: 'fatal: could not read Username for 'https://github.com': No such device or address'
error: failed to set the version on release pipelines: failed to run '/bin/sh -c ** step tag --version $(cat VERSION)' command in directory '/workspace/source', output: ''
[31m
Pipeline failed on stage 'meta-pipeline' : container 'step-create-tekton-crds'. The execution of the pipeline has stopped.[0m
